1:* trace2v_multi-page.txt
2:*   Allocates 2 disjoint groups of pages.  No fault or exceptions should occur.
3:*   Mismatches and other errors should occur only as indicated in the comments.
4:660000  alloc  3  
5:* Spot check pages cleared to 0
6:660000   print 10 
0660000: 00 00 00 00 00 00 00 00 00 00 00 00 00 00 00 00
7:664000   cmp  660000 10  
8:668000   cmp  660000 10  
9:66bff0   cmp  668000 10  
10:* Fill all 3 pages with preset value
11:660000   fill 42 c000
12:* Store and check some data
13:663ff8   set  d0  d1  d2  d3  d4  d5  d6  d7  d8  d9  da  db  dc  dd  de  df
14:667ff8   set  d0  d1  d2  d3  d4  d5  d6  d7  d8  d9  da  db  dc  dd  de  df 
15:667ff7   cmp 663ff7 12
16:663ff0   print 20
0663ff0: 42 42 42 42 42 42 42 42 d0 d1 d2 d3 d4 d5 d6 d7
0664000: d8 d9 da db dc dd de df 42 42 42 42 42 42 42 42
17:
18:* Allocate more pages
19:1660000 alloc 4
20:* Spot check pages cleared to 0
21:166fff0 print 10
166fff0: 00 00 00 00 00 00 00 00 00 00 00 00 00 00 00 00
22:1660000 cmp 166fff0 10
23:1664000 cmp 166fff0 10
24:1668000 cmp 166fff0 10
25:166c000 cmp 166fff0 10
26:
27:* Test fill, and copy from original pages to new pages
28:663ff8  dup 1663ff0 10
29:667ff8  cmp 1663ff0 10
30:1669000 fill 70 1000
31:1669000 dup  66a000  1000
32:66a000  cmp  1669000 1000
33:66a800  fill 07 800
34:1669800 fill 07 800
35:66a000  cmp  1669000 1000
36:66a7f8  print 10
066a7f8: 70 70 70 70 70 70 70 70 07 07 07 07 07 07 07 07
37:16697f9 print 10
16697f9: 70 70 70 70 70 70 70 07 07 07 07 07 07 07 07 07
38:
39:* The following line tests that cmp will generate errors on mismatches.
40:* There should be two mismatched bytes.  These should be the only cmp errors
41:* in this file.
42:1663ff4 set 04
43:1663ffe set 0e
44:1663ff0 cmp 663ff8 10
cmp error, addr1 = 1663ff4, value = 04, addr2 = 0663ffc, value = d4
cmp error, addr1 = 1663ffe, value = 0e, addr2 = 0664006, value = de
45:* end of trace
